c:\users\amira\desktop\kdtreeraytracerassignment\assignment\x64\debug\assignment.pch
c:\users\amira\desktop\kdtreeraytracerassignment\assignment\x64\debug\vc141.pdb
c:\users\amira\desktop\kdtreeraytracerassignment\assignment\x64\debug\vc141.idb
c:\users\amira\desktop\kdtreeraytracerassignment\assignment\x64\debug\precompiled.obj
c:\users\amira\desktop\kdtreeraytracerassignment\assignment\x64\debug\outputfile.obj
c:\users\amira\desktop\kdtreeraytracerassignment\assignment\x64\debug\memorymappedfile.obj
c:\users\amira\desktop\kdtreeraytracerassignment\assignment\x64\debug\logger.obj
c:\users\amira\desktop\kdtreeraytracerassignment\assignment\x64\debug\focustestreportwriter.obj
c:\users\amira\desktop\kdtreeraytracerassignment\assignment\x64\debug\linereader.obj
c:\users\amira\desktop\kdtreeraytracerassignment\assignment\x64\debug\filerename.obj
c:\users\amira\desktop\kdtreeraytracerassignment\assignment\x64\debug\filemanager.obj
c:\users\amira\desktop\kdtreeraytracerassignment\assignment\x64\debug\filehash.obj
c:\users\amira\desktop\kdtreeraytracerassignment\assignment\x64\debug\fileallocator.obj
c:\users\amira\desktop\kdtreeraytracerassignment\assignment\x64\debug\file.obj
c:\users\amira\desktop\kdtreeraytracerassignment\assignment\x64\debug\debugblockwriter.obj
c:\users\amira\desktop\kdtreeraytracerassignment\assignment\x64\debug\createdirectory.obj
c:\users\amira\desktop\kdtreeraytracerassignment\assignment\x64\debug\stringmapfind.obj
c:\users\amira\desktop\kdtreeraytracerassignment\assignment\x64\debug\linearhashbase.obj
c:\users\amira\desktop\kdtreeraytracerassignment\assignment\x64\debug\impbyteelementarray.obj
c:\users\amira\desktop\kdtreeraytracerassignment\assignment\x64\debug\database.obj
c:\users\amira\desktop\kdtreeraytracerassignment\assignment\x64\debug\containertest.obj
c:\users\amira\desktop\kdtreeraytracerassignment\assignment\x64\debug\consoleoutputreceiver.obj
c:\users\amira\desktop\kdtreeraytracerassignment\assignment\x64\debug\tga_saver.obj
c:\users\amira\desktop\kdtreeraytracerassignment\assignment\x64\debug\ply_reader.obj
c:\users\amira\desktop\kdtreeraytracerassignment\assignment\x64\debug\alignmentfunctions.obj
c:\users\amira\desktop\kdtreeraytracerassignment\assignment\x64\debug\timestampwindows.obj
c:\users\amira\desktop\kdtreeraytracerassignment\assignment\x64\debug\temporaryfile.obj
c:\users\amira\desktop\kdtreeraytracerassignment\assignment\x64\debug\movefile.obj
c:\users\amira\desktop\kdtreeraytracerassignment\assignment\x64\debug\inputfileasyncwindows.obj
c:\users\amira\desktop\kdtreeraytracerassignment\assignment\x64\debug\inputfile.obj
c:\users\amira\desktop\kdtreeraytracerassignment\assignment\x64\debug\filesystemlistener.obj
c:\users\amira\desktop\kdtreeraytracerassignment\assignment\x64\debug\filelist.obj
c:\users\amira\desktop\kdtreeraytracerassignment\assignment\x64\debug\doesfileexist.obj
c:\users\amira\desktop\kdtreeraytracerassignment\assignment\x64\debug\deletefile.obj
c:\users\amira\desktop\kdtreeraytracerassignment\assignment\x64\debug\deletedirectory.obj
c:\users\amira\desktop\kdtreeraytracerassignment\assignment\x64\debug\createdirectorywindows.obj
c:\users\amira\desktop\kdtreeraytracerassignment\assignment\x64\debug\copyfile.obj
c:\users\amira\desktop\kdtreeraytracerassignment\assignment\x64\debug\tinyxml2.obj
c:\users\amira\desktop\kdtreeraytracerassignment\assignment\x64\debug\timestamp.obj
c:\users\amira\desktop\kdtreeraytracerassignment\assignment\x64\debug\specialdirectory.obj
c:\users\amira\desktop\kdtreeraytracerassignment\assignment\x64\debug\rootpath.obj
c:\users\amira\desktop\kdtreeraytracerassignment\assignment\x64\debug\mysteryfilepackage.obj
c:\users\amira\desktop\kdtreeraytracerassignment\assignment\x64\debug\customizablestandardfilepackage.obj
c:\users\amira\desktop\kdtreeraytracerassignment\assignment\x64\debug\cachingcustomizablestandardfilepackage.obj
c:\users\amira\desktop\kdtreeraytracerassignment\assignment\x64\debug\megaton.obj
c:\users\amira\desktop\kdtreeraytracerassignment\assignment\x64\debug\globallogger.obj
c:\users\amira\desktop\kdtreeraytracerassignment\assignment\x64\debug\hash.obj
c:\users\amira\desktop\kdtreeraytracerassignment\assignment\x64\debug\fiendishallocator.obj
c:\users\amira\desktop\kdtreeraytracerassignment\assignment\x64\debug\fbsinglethreadassert.obj
c:\users\amira\desktop\kdtreeraytracerassignment\assignment\x64\debug\fbassert.obj
c:\users\amira\desktop\kdtreeraytracerassignment\assignment\x64\debug\div128.obj
c:\users\amira\desktop\kdtreeraytracerassignment\assignment\x64\debug\delegate.obj
c:\users\amira\desktop\kdtreeraytracerassignment\assignment\x64\debug\debughelp.obj
c:\users\amira\desktop\kdtreeraytracerassignment\assignment\x64\debug\cstrlen.obj
c:\users\amira\desktop\kdtreeraytracerassignment\assignment\x64\debug\countbits.obj
c:\users\amira\desktop\kdtreeraytracerassignment\assignment\x64\debug\combinedallocation.obj
c:\users\amira\desktop\kdtreeraytracerassignment\assignment\x64\debug\callstackstorage.obj
c:\users\amira\desktop\kdtreeraytracerassignment\assignment\x64\debug\callstack.obj
c:\users\amira\desktop\kdtreeraytracerassignment\assignment\x64\debug\bitmasktypes.obj
c:\users\amira\desktop\kdtreeraytracerassignment\assignment\x64\debug\atomics.obj
c:\users\amira\desktop\kdtreeraytracerassignment\assignment\x64\debug\assertstats.obj
c:\users\amira\desktop\kdtreeraytracerassignment\assignment\x64\debug\asserthelp.obj
c:\users\amira\desktop\kdtreeraytracerassignment\assignment\x64\debug\appendcallstack.obj
c:\users\amira\desktop\kdtreeraytracerassignment\assignment\x64\debug\allocationdebugger.obj
c:\users\amira\desktop\kdtreeraytracerassignment\assignment\x64\debug\mutexwindows.obj
c:\users\amira\desktop\kdtreeraytracerassignment\assignment\x64\debug\conditionvariablewindows.obj
c:\users\amira\desktop\kdtreeraytracerassignment\assignment\x64\debug\thread.obj
c:\users\amira\desktop\kdtreeraytracerassignment\assignment\x64\debug\scopedref.obj
c:\users\amira\desktop\kdtreeraytracerassignment\assignment\x64\debug\mutex.obj
c:\users\amira\desktop\kdtreeraytracerassignment\assignment\x64\debug\ithreadentry.obj
c:\users\amira\desktop\kdtreeraytracerassignment\assignment\x64\debug\fastsemaphore.obj
c:\users\amira\desktop\kdtreeraytracerassignment\assignment\x64\debug\dataguard.obj
c:\users\amira\desktop\kdtreeraytracerassignment\assignment\x64\debug\storedcallstack.obj
c:\users\amira\desktop\kdtreeraytracerassignment\assignment\x64\debug\storecallstack.obj
c:\users\amira\desktop\kdtreeraytracerassignment\assignment\x64\debug\stacktracewindows.obj
c:\users\amira\desktop\kdtreeraytracerassignment\assignment\x64\debug\stacktrace.obj
c:\users\amira\desktop\kdtreeraytracerassignment\assignment\x64\debug\signal.obj
c:\users\amira\desktop\kdtreeraytracerassignment\assignment\x64\debug\sharedpointer.obj
c:\users\amira\desktop\kdtreeraytracerassignment\assignment\x64\debug\projectinfo.obj
c:\users\amira\desktop\kdtreeraytracerassignment\assignment\x64\debug\programmerassertprinting.obj
c:\users\amira\desktop\kdtreeraytracerassignment\assignment\x64\debug\printfhandler.obj
c:\users\amira\desktop\kdtreeraytracerassignment\assignment\x64\debug\memtools.obj
c:\users\amira\desktop\kdtreeraytracerassignment\assignment\x64\debug\memoryfunctions.obj
c:\users\amira\desktop\kdtreeraytracerassignment\assignment\x64\debug\megatondebugger.obj
c:\users\amira\desktop\kdtreeraytracerassignment\assignment\x64\debug\vec3.obj
c:\users\amira\desktop\kdtreeraytracerassignment\assignment\x64\debug\vec2.obj
c:\users\amira\desktop\kdtreeraytracerassignment\assignment\x64\debug\simdvec4.obj
c:\users\amira\desktop\kdtreeraytracerassignment\assignment\x64\debug\randomseed.obj
c:\users\amira\desktop\kdtreeraytracerassignment\assignment\x64\debug\quaternion.obj
c:\users\amira\desktop\kdtreeraytracerassignment\assignment\x64\debug\matrix.obj
c:\users\amira\desktop\kdtreeraytracerassignment\assignment\x64\debug\denormal.obj
c:\users\amira\desktop\kdtreeraytracerassignment\assignment\x64\debug\tcbcurve.obj
c:\users\amira\desktop\kdtreeraytracerassignment\assignment\x64\debug\polylinecurve.obj
c:\users\amira\desktop\kdtreeraytracerassignment\assignment\x64\debug\multicurve.obj
c:\users\amira\desktop\kdtreeraytracerassignment\assignment\x64\debug\cubicbeziercurve.obj
c:\users\amira\desktop\kdtreeraytracerassignment\assignment\x64\debug\beziercurve.obj
c:\users\amira\desktop\kdtreeraytracerassignment\assignment\x64\debug\color3.obj
c:\users\amira\desktop\kdtreeraytracerassignment\assignment\x64\debug\time.obj
c:\users\amira\desktop\kdtreeraytracerassignment\assignment\x64\debug\systemtime.obj
c:\users\amira\desktop\kdtreeraytracerassignment\assignment\x64\debug\scalabletimer.obj
c:\users\amira\desktop\kdtreeraytracerassignment\assignment\x64\debug\runningsystemtimer.obj
c:\users\amira\desktop\kdtreeraytracerassignment\assignment\x64\debug\highresolutiontime.obj
c:\users\amira\desktop\kdtreeraytracerassignment\assignment\x64\debug\threadwindows.obj
c:\users\amira\desktop\kdtreeraytracerassignment\assignment\x64\debug\semaphorewindows.obj
c:\users\amira\desktop\kdtreeraytracerassignment\assignment\x64\debug\tempallocator.obj
c:\users\amira\desktop\kdtreeraytracerassignment\assignment\x64\debug\systemallocator.obj
c:\users\amira\desktop\kdtreeraytracerassignment\assignment\x64\debug\debugstatsvariable.obj
c:\users\amira\desktop\kdtreeraytracerassignment\assignment\x64\debug\debugstatsscope.obj
c:\users\amira\desktop\kdtreeraytracerassignment\assignment\x64\debug\debugstats.obj
c:\users\amira\desktop\kdtreeraytracerassignment\assignment\x64\debug\multisizepool.obj
c:\users\amira\desktop\kdtreeraytracerassignment\assignment\x64\debug\multifixedsizedynamicallocator.obj
c:\users\amira\desktop\kdtreeraytracerassignment\assignment\x64\debug\multifixedsizeallocator.obj
c:\users\amira\desktop\kdtreeraytracerassignment\assignment\x64\debug\largepageallocator.obj
c:\users\amira\desktop\kdtreeraytracerassignment\assignment\x64\debug\heapallocator.obj
c:\users\amira\desktop\kdtreeraytracerassignment\assignment\x64\debug\heapaddresscheck.obj
c:\users\amira\desktop\kdtreeraytracerassignment\assignment\x64\debug\globalfixedallocator.obj
c:\users\amira\desktop\kdtreeraytracerassignment\assignment\x64\debug\fixedsizelargedynamicallocator.obj
c:\users\amira\desktop\kdtreeraytracerassignment\assignment\x64\debug\fixedsizedynamicallocator.obj
c:\users\amira\desktop\kdtreeraytracerassignment\assignment\x64\debug\fixedsizeallocatorbase.obj
c:\users\amira\desktop\kdtreeraytracerassignment\assignment\x64\debug\fixedsizeallocator.obj
c:\users\amira\desktop\kdtreeraytracerassignment\assignment\x64\debug\blockallocator.obj
c:\users\amira\desktop\kdtreeraytracerassignment\assignment\x64\debug\atomicpointerlist.obj
c:\users\amira\desktop\kdtreeraytracerassignment\assignment\x64\debug\atomiclinearallocator.obj
c:\users\amira\desktop\kdtreeraytracerassignment\assignment\x64\debug\vec4.obj
c:\users\amira\desktop\kdtreeraytracerassignment\assignment\x64\debug\replacechar.obj
c:\users\amira\desktop\kdtreeraytracerassignment\assignment\x64\debug\findstring.obj
c:\users\amira\desktop\kdtreeraytracerassignment\assignment\x64\debug\filename.obj
c:\users\amira\desktop\kdtreeraytracerassignment\assignment\x64\debug\comparestring.obj
c:\users\amira\desktop\kdtreeraytracerassignment\assignment\x64\debug\appendtostring.obj
c:\users\amira\desktop\kdtreeraytracerassignment\assignment\x64\debug\textoutputstream.obj
c:\users\amira\desktop\kdtreeraytracerassignment\assignment\x64\debug\inputstream2.obj
c:\users\amira\desktop\kdtreeraytracerassignment\assignment\x64\debug\inputstream.obj
c:\users\amira\desktop\kdtreeraytracerassignment\assignment\x64\debug\zoneprofilercommon.obj
c:\users\amira\desktop\kdtreeraytracerassignment\assignment\x64\debug\zoneprofilercallstackdump.obj
c:\users\amira\desktop\kdtreeraytracerassignment\assignment\x64\debug\zoneprofiler.obj
c:\users\amira\desktop\kdtreeraytracerassignment\assignment\x64\debug\taskprofiler.obj
c:\users\amira\desktop\kdtreeraytracerassignment\assignment\x64\debug\stupidringbuffer.obj
c:\users\amira\desktop\kdtreeraytracerassignment\assignment\x64\debug\stupidhashmap.obj
c:\users\amira\desktop\kdtreeraytracerassignment\assignment\x64\debug\scopedprofiler.obj
c:\users\amira\desktop\kdtreeraytracerassignment\assignment\x64\debug\profiler.obj
c:\users\amira\desktop\kdtreeraytracerassignment\assignment\x64\debug\mutexprofiler.obj
c:\users\amira\desktop\kdtreeraytracerassignment\assignment\x64\debug\inputlagdebugger.obj
c:\users\amira\desktop\kdtreeraytracerassignment\assignment\x64\debug\allocationprofiler.obj
c:\users\amira\desktop\kdtreeraytracerassignment\assignment\x64\debug\tempvariableallocator.obj
c:\users\amira\desktop\kdtreeraytracerassignment\assignment\x64\debug\scheduler.obj
c:\users\amira\desktop\kdtreeraytracerassignment\assignment\x64\debug\getsystemthreadpriority.obj
c:\users\amira\desktop\kdtreeraytracerassignment\assignment\x64\debug\runprocess.obj
c:\users\amira\desktop\kdtreeraytracerassignment\assignment\x64\debug\getprocessid.obj
c:\users\amira\desktop\kdtreeraytracerassignment\assignment\x64\debug\findprocess.obj
c:\users\amira\desktop\kdtreeraytracerassignment\assignment\x64\debug\svn.obj
c:\users\amira\desktop\kdtreeraytracerassignment\assignment\x64\debug\systeminfoutil.obj
c:\users\amira\desktop\kdtreeraytracerassignment\assignment\x64\debug\unicodeconverter.obj
c:\users\amira\desktop\kdtreeraytracerassignment\assignment\x64\debug\splitstring.obj
c:\users\amira\desktop\kdtreeraytracerassignment\assignment\x64\debug\simpleutf16string.obj
c:\users\amira\desktop\kdtreeraytracerassignment\assignment\x64\debug\createtemporaryheapstring.obj
c:\users\amira\desktop\kdtreeraytracerassignment\assignment\x64\debug\stringref.obj
c:\users\amira\desktop\kdtreeraytracerassignment\assignment\x64\debug\stringliteral.obj
c:\users\amira\desktop\kdtreeraytracerassignment\assignment\x64\debug\stringimp.obj
c:\users\amira\desktop\kdtreeraytracerassignment\assignment\x64\debug\stringbuilder.obj
c:\users\amira\desktop\kdtreeraytracerassignment\assignment\x64\debug\staticstring.obj
c:\users\amira\desktop\kdtreeraytracerassignment\assignment\x64\debug\heapstring.obj
c:\users\amira\desktop\kdtreeraytracerassignment\assignment\x64\debug\dynamicstring.obj
c:\users\amira\desktop\kdtreeraytracerassignment\assignment\x64\debug\stringtonumberconversion.obj
c:\users\amira\desktop\kdtreeraytracerassignment\assignment\x64\debug\replacesubstring.obj
c:\users\amira\desktop\kdtreeraytracerassignment\assignment\x64\debug\config.obj
c:\users\amira\desktop\kdtreeraytracerassignment\assignment\x64\debug\boundingbox.obj
c:\users\amira\desktop\kdtreeraytracerassignment\assignment\x64\debug\zstdwrapper.obj
c:\users\amira\desktop\kdtreeraytracerassignment\assignment\x64\debug\zstdwrapper3.obj
c:\users\amira\desktop\kdtreeraytracerassignment\assignment\x64\debug\zstdwrapper2.obj
c:\users\amira\desktop\kdtreeraytracerassignment\assignment\x64\debug\zstdwrapper1.obj
c:\users\amira\desktop\kdtreeraytracerassignment\assignment\x64\debug\zstdwrapper0.obj
c:\users\amira\desktop\kdtreeraytracerassignment\assignment\x64\debug\tweakmanager.obj
c:\users\amira\desktop\kdtreeraytracerassignment\assignment\x64\debug\tweaker.obj
c:\users\amira\desktop\kdtreeraytracerassignment\assignment\x64\debug\optionsfilemodifier.obj
c:\users\amira\desktop\kdtreeraytracerassignment\assignment\x64\debug\lz4wrapper.obj
c:\users\amira\desktop\kdtreeraytracerassignment\assignment\x64\debug\lz4hcwrapper.obj
c:\users\amira\desktop\kdtreeraytracerassignment\assignment\x64\debug\fbspam.obj
c:\users\amira\desktop\kdtreeraytracerassignment\assignment\x64\debug\expgolomb.obj
c:\users\amira\desktop\kdtreeraytracerassignment\assignment\x64\debug\compressor.obj
c:\users\amira\desktop\kdtreeraytracerassignment\assignment\x64\debug\checksum.obj
c:\users\amira\desktop\kdtreeraytracerassignment\assignment\x64\debug\buffercompressor.obj
c:\users\amira\desktop\kdtreeraytracerassignment\assignment\x64\debug\base64.obj
c:\users\amira\desktop\kdtreeraytracerassignment\assignment\x64\debug\toolsystemallocator.obj
c:\users\amira\desktop\kdtreeraytracerassignment\assignment\x64\debug\toolsmain.obj
c:\users\amira\desktop\kdtreeraytracerassignment\assignment\x64\debug\triangle.obj
c:\users\amira\desktop\kdtreeraytracerassignment\assignment\x64\debug\raytracer.obj
c:\users\amira\desktop\kdtreeraytracerassignment\assignment\x64\debug\model.obj
c:\users\amira\desktop\kdtreeraytracerassignment\assignment\x64\debug\main.obj
c:\users\amira\desktop\kdtreeraytracerassignment\assignment\x64\debug\light.obj
c:\users\amira\desktop\kdtreeraytracerassignment\assignment\x64\debug\kdtree.obj
c:\users\amira\desktop\kdtreeraytracerassignment\assignment\x64\debug\kdnode.obj
c:\users\amira\desktop\kdtreeraytracerassignment\assignment\x64\debug\image.obj
c:\users\amira\desktop\kdtreeraytracerassignment\x64\debug\assignment.ilk
c:\users\amira\desktop\kdtreeraytracerassignment\x64\debug\assignment.exe
c:\users\amira\desktop\kdtreeraytracerassignment\x64\debug\assignment.pdb
c:\repos\kdtreeraytracerassignment\assignment\x64\debug\alignmentfunctions.obj
c:\repos\kdtreeraytracerassignment\assignment\x64\debug\allocationdebugger.obj
c:\repos\kdtreeraytracerassignment\assignment\x64\debug\allocationprofiler.obj
c:\repos\kdtreeraytracerassignment\assignment\x64\debug\appendcallstack.obj
c:\repos\kdtreeraytracerassignment\assignment\x64\debug\appendtostring.obj
c:\repos\kdtreeraytracerassignment\assignment\x64\debug\asserthelp.obj
c:\repos\kdtreeraytracerassignment\assignment\x64\debug\assertstats.obj
c:\repos\kdtreeraytracerassignment\assignment\x64\debug\atomiclinearallocator.obj
c:\repos\kdtreeraytracerassignment\assignment\x64\debug\atomicpointerlist.obj
c:\repos\kdtreeraytracerassignment\assignment\x64\debug\atomics.obj
c:\repos\kdtreeraytracerassignment\assignment\x64\debug\base64.obj
c:\repos\kdtreeraytracerassignment\assignment\x64\debug\beziercurve.obj
c:\repos\kdtreeraytracerassignment\assignment\x64\debug\bitmasktypes.obj
c:\repos\kdtreeraytracerassignment\assignment\x64\debug\blockallocator.obj
c:\repos\kdtreeraytracerassignment\assignment\x64\debug\boundingbox.obj
c:\repos\kdtreeraytracerassignment\assignment\x64\debug\buffercompressor.obj
c:\repos\kdtreeraytracerassignment\assignment\x64\debug\cachingcustomizablestandardfilepackage.obj
c:\repos\kdtreeraytracerassignment\assignment\x64\debug\callstack.obj
c:\repos\kdtreeraytracerassignment\assignment\x64\debug\callstackstorage.obj
c:\repos\kdtreeraytracerassignment\assignment\x64\debug\checksum.obj
c:\repos\kdtreeraytracerassignment\assignment\x64\debug\color3.obj
c:\repos\kdtreeraytracerassignment\assignment\x64\debug\combinedallocation.obj
c:\repos\kdtreeraytracerassignment\assignment\x64\debug\comparestring.obj
c:\repos\kdtreeraytracerassignment\assignment\x64\debug\compressor.obj
c:\repos\kdtreeraytracerassignment\assignment\x64\debug\conditionvariablewindows.obj
c:\repos\kdtreeraytracerassignment\assignment\x64\debug\config.obj
c:\repos\kdtreeraytracerassignment\assignment\x64\debug\consoleoutputreceiver.obj
c:\repos\kdtreeraytracerassignment\assignment\x64\debug\containertest.obj
c:\repos\kdtreeraytracerassignment\assignment\x64\debug\copyfile.obj
c:\repos\kdtreeraytracerassignment\assignment\x64\debug\countbits.obj
c:\repos\kdtreeraytracerassignment\assignment\x64\debug\createdirectory.obj
c:\repos\kdtreeraytracerassignment\assignment\x64\debug\createdirectorywindows.obj
c:\repos\kdtreeraytracerassignment\assignment\x64\debug\createtemporaryheapstring.obj
c:\repos\kdtreeraytracerassignment\assignment\x64\debug\cstrlen.obj
c:\repos\kdtreeraytracerassignment\assignment\x64\debug\cubicbeziercurve.obj
c:\repos\kdtreeraytracerassignment\assignment\x64\debug\customizablestandardfilepackage.obj
c:\repos\kdtreeraytracerassignment\assignment\x64\debug\database.obj
c:\repos\kdtreeraytracerassignment\assignment\x64\debug\dataguard.obj
c:\repos\kdtreeraytracerassignment\assignment\x64\debug\debugblockwriter.obj
c:\repos\kdtreeraytracerassignment\assignment\x64\debug\debughelp.obj
c:\repos\kdtreeraytracerassignment\assignment\x64\debug\debugstats.obj
c:\repos\kdtreeraytracerassignment\assignment\x64\debug\debugstatsscope.obj
c:\repos\kdtreeraytracerassignment\assignment\x64\debug\debugstatsvariable.obj
c:\repos\kdtreeraytracerassignment\assignment\x64\debug\delegate.obj
c:\repos\kdtreeraytracerassignment\assignment\x64\debug\deletedirectory.obj
c:\repos\kdtreeraytracerassignment\assignment\x64\debug\deletefile.obj
c:\repos\kdtreeraytracerassignment\assignment\x64\debug\denormal.obj
c:\repos\kdtreeraytracerassignment\assignment\x64\debug\div128.obj
c:\repos\kdtreeraytracerassignment\assignment\x64\debug\doesfileexist.obj
c:\repos\kdtreeraytracerassignment\assignment\x64\debug\dynamicstring.obj
c:\repos\kdtreeraytracerassignment\assignment\x64\debug\expgolomb.obj
c:\repos\kdtreeraytracerassignment\assignment\x64\debug\fastsemaphore.obj
c:\repos\kdtreeraytracerassignment\assignment\x64\debug\fbassert.obj
c:\repos\kdtreeraytracerassignment\assignment\x64\debug\fbsinglethreadassert.obj
c:\repos\kdtreeraytracerassignment\assignment\x64\debug\fbspam.obj
c:\repos\kdtreeraytracerassignment\assignment\x64\debug\fiendishallocator.obj
c:\repos\kdtreeraytracerassignment\assignment\x64\debug\file.obj
c:\repos\kdtreeraytracerassignment\assignment\x64\debug\fileallocator.obj
c:\repos\kdtreeraytracerassignment\assignment\x64\debug\filehash.obj
c:\repos\kdtreeraytracerassignment\assignment\x64\debug\filelist.obj
c:\repos\kdtreeraytracerassignment\assignment\x64\debug\filemanager.obj
c:\repos\kdtreeraytracerassignment\assignment\x64\debug\filename.obj
c:\repos\kdtreeraytracerassignment\assignment\x64\debug\filerename.obj
c:\repos\kdtreeraytracerassignment\assignment\x64\debug\filesystemlistener.obj
c:\repos\kdtreeraytracerassignment\assignment\x64\debug\findprocess.obj
c:\repos\kdtreeraytracerassignment\assignment\x64\debug\findstring.obj
c:\repos\kdtreeraytracerassignment\assignment\x64\debug\fixedsizeallocator.obj
c:\repos\kdtreeraytracerassignment\assignment\x64\debug\fixedsizeallocatorbase.obj
c:\repos\kdtreeraytracerassignment\assignment\x64\debug\fixedsizedynamicallocator.obj
c:\repos\kdtreeraytracerassignment\assignment\x64\debug\fixedsizelargedynamicallocator.obj
c:\repos\kdtreeraytracerassignment\assignment\x64\debug\focustestreportwriter.obj
c:\repos\kdtreeraytracerassignment\assignment\x64\debug\getprocessid.obj
c:\repos\kdtreeraytracerassignment\assignment\x64\debug\getsystemthreadpriority.obj
c:\repos\kdtreeraytracerassignment\assignment\x64\debug\globalfixedallocator.obj
c:\repos\kdtreeraytracerassignment\assignment\x64\debug\globallogger.obj
c:\repos\kdtreeraytracerassignment\assignment\x64\debug\hash.obj
c:\repos\kdtreeraytracerassignment\assignment\x64\debug\heapaddresscheck.obj
c:\repos\kdtreeraytracerassignment\assignment\x64\debug\heapallocator.obj
c:\repos\kdtreeraytracerassignment\assignment\x64\debug\heapstring.obj
c:\repos\kdtreeraytracerassignment\assignment\x64\debug\highresolutiontime.obj
c:\repos\kdtreeraytracerassignment\assignment\x64\debug\image.obj
c:\repos\kdtreeraytracerassignment\assignment\x64\debug\impbyteelementarray.obj
c:\repos\kdtreeraytracerassignment\assignment\x64\debug\inputfile.obj
c:\repos\kdtreeraytracerassignment\assignment\x64\debug\inputfileasyncwindows.obj
c:\repos\kdtreeraytracerassignment\assignment\x64\debug\inputlagdebugger.obj
c:\repos\kdtreeraytracerassignment\assignment\x64\debug\inputstream.obj
c:\repos\kdtreeraytracerassignment\assignment\x64\debug\inputstream2.obj
c:\repos\kdtreeraytracerassignment\assignment\x64\debug\ithreadentry.obj
c:\repos\kdtreeraytracerassignment\assignment\x64\debug\kdnode.obj
c:\repos\kdtreeraytracerassignment\assignment\x64\debug\kdtree.obj
c:\repos\kdtreeraytracerassignment\assignment\x64\debug\largepageallocator.obj
c:\repos\kdtreeraytracerassignment\assignment\x64\debug\light.obj
c:\repos\kdtreeraytracerassignment\assignment\x64\debug\linearhashbase.obj
c:\repos\kdtreeraytracerassignment\assignment\x64\debug\linereader.obj
c:\repos\kdtreeraytracerassignment\assignment\x64\debug\logger.obj
c:\repos\kdtreeraytracerassignment\assignment\x64\debug\lz4hcwrapper.obj
c:\repos\kdtreeraytracerassignment\assignment\x64\debug\lz4wrapper.obj
c:\repos\kdtreeraytracerassignment\assignment\x64\debug\main.obj
c:\repos\kdtreeraytracerassignment\assignment\x64\debug\matrix.obj
c:\repos\kdtreeraytracerassignment\assignment\x64\debug\megaton.obj
c:\repos\kdtreeraytracerassignment\assignment\x64\debug\megatondebugger.obj
c:\repos\kdtreeraytracerassignment\assignment\x64\debug\memoryfunctions.obj
c:\repos\kdtreeraytracerassignment\assignment\x64\debug\memorymappedfile.obj
c:\repos\kdtreeraytracerassignment\assignment\x64\debug\memtools.obj
c:\repos\kdtreeraytracerassignment\assignment\x64\debug\model.obj
c:\repos\kdtreeraytracerassignment\assignment\x64\debug\movefile.obj
c:\repos\kdtreeraytracerassignment\assignment\x64\debug\multicurve.obj
c:\repos\kdtreeraytracerassignment\assignment\x64\debug\multifixedsizeallocator.obj
c:\repos\kdtreeraytracerassignment\assignment\x64\debug\multifixedsizedynamicallocator.obj
c:\repos\kdtreeraytracerassignment\assignment\x64\debug\multisizepool.obj
c:\repos\kdtreeraytracerassignment\assignment\x64\debug\mutex.obj
c:\repos\kdtreeraytracerassignment\assignment\x64\debug\mutexprofiler.obj
c:\repos\kdtreeraytracerassignment\assignment\x64\debug\mutexwindows.obj
c:\repos\kdtreeraytracerassignment\assignment\x64\debug\mysteryfilepackage.obj
c:\repos\kdtreeraytracerassignment\assignment\x64\debug\optionsfilemodifier.obj
c:\repos\kdtreeraytracerassignment\assignment\x64\debug\outputfile.obj
c:\repos\kdtreeraytracerassignment\assignment\x64\debug\ply_reader.obj
c:\repos\kdtreeraytracerassignment\assignment\x64\debug\polylinecurve.obj
c:\repos\kdtreeraytracerassignment\assignment\x64\debug\precompiled.obj
c:\repos\kdtreeraytracerassignment\assignment\x64\debug\printfhandler.obj
c:\repos\kdtreeraytracerassignment\assignment\x64\debug\profiler.obj
c:\repos\kdtreeraytracerassignment\assignment\x64\debug\programmerassertprinting.obj
c:\repos\kdtreeraytracerassignment\assignment\x64\debug\projectinfo.obj
c:\repos\kdtreeraytracerassignment\assignment\x64\debug\quaternion.obj
c:\repos\kdtreeraytracerassignment\assignment\x64\debug\randomseed.obj
c:\repos\kdtreeraytracerassignment\assignment\x64\debug\raytracer.obj
c:\repos\kdtreeraytracerassignment\assignment\x64\debug\replacechar.obj
c:\repos\kdtreeraytracerassignment\assignment\x64\debug\replacesubstring.obj
c:\repos\kdtreeraytracerassignment\assignment\x64\debug\rootpath.obj
c:\repos\kdtreeraytracerassignment\assignment\x64\debug\runningsystemtimer.obj
c:\repos\kdtreeraytracerassignment\assignment\x64\debug\runprocess.obj
c:\repos\kdtreeraytracerassignment\assignment\x64\debug\scalabletimer.obj
c:\repos\kdtreeraytracerassignment\assignment\x64\debug\scheduler.obj
c:\repos\kdtreeraytracerassignment\assignment\x64\debug\scopedprofiler.obj
c:\repos\kdtreeraytracerassignment\assignment\x64\debug\scopedref.obj
c:\repos\kdtreeraytracerassignment\assignment\x64\debug\semaphorewindows.obj
c:\repos\kdtreeraytracerassignment\assignment\x64\debug\sharedpointer.obj
c:\repos\kdtreeraytracerassignment\assignment\x64\debug\signal.obj
c:\repos\kdtreeraytracerassignment\assignment\x64\debug\simdvec4.obj
c:\repos\kdtreeraytracerassignment\assignment\x64\debug\simpleutf16string.obj
c:\repos\kdtreeraytracerassignment\assignment\x64\debug\specialdirectory.obj
c:\repos\kdtreeraytracerassignment\assignment\x64\debug\splitstring.obj
c:\repos\kdtreeraytracerassignment\assignment\x64\debug\stacktrace.obj
c:\repos\kdtreeraytracerassignment\assignment\x64\debug\stacktracewindows.obj
c:\repos\kdtreeraytracerassignment\assignment\x64\debug\staticstring.obj
c:\repos\kdtreeraytracerassignment\assignment\x64\debug\storecallstack.obj
c:\repos\kdtreeraytracerassignment\assignment\x64\debug\storedcallstack.obj
c:\repos\kdtreeraytracerassignment\assignment\x64\debug\stringbuilder.obj
c:\repos\kdtreeraytracerassignment\assignment\x64\debug\stringimp.obj
c:\repos\kdtreeraytracerassignment\assignment\x64\debug\stringliteral.obj
c:\repos\kdtreeraytracerassignment\assignment\x64\debug\stringmapfind.obj
c:\repos\kdtreeraytracerassignment\assignment\x64\debug\stringref.obj
c:\repos\kdtreeraytracerassignment\assignment\x64\debug\stringtonumberconversion.obj
c:\repos\kdtreeraytracerassignment\assignment\x64\debug\stupidhashmap.obj
c:\repos\kdtreeraytracerassignment\assignment\x64\debug\stupidringbuffer.obj
c:\repos\kdtreeraytracerassignment\assignment\x64\debug\svn.obj
c:\repos\kdtreeraytracerassignment\assignment\x64\debug\systemallocator.obj
c:\repos\kdtreeraytracerassignment\assignment\x64\debug\systeminfoutil.obj
c:\repos\kdtreeraytracerassignment\assignment\x64\debug\systemtime.obj
c:\repos\kdtreeraytracerassignment\assignment\x64\debug\taskprofiler.obj
c:\repos\kdtreeraytracerassignment\assignment\x64\debug\tcbcurve.obj
c:\repos\kdtreeraytracerassignment\assignment\x64\debug\tempallocator.obj
c:\repos\kdtreeraytracerassignment\assignment\x64\debug\temporaryfile.obj
c:\repos\kdtreeraytracerassignment\assignment\x64\debug\tempvariableallocator.obj
c:\repos\kdtreeraytracerassignment\assignment\x64\debug\textoutputstream.obj
c:\repos\kdtreeraytracerassignment\assignment\x64\debug\tga_saver.obj
c:\repos\kdtreeraytracerassignment\assignment\x64\debug\thread.obj
c:\repos\kdtreeraytracerassignment\assignment\x64\debug\threadwindows.obj
c:\repos\kdtreeraytracerassignment\assignment\x64\debug\time.obj
c:\repos\kdtreeraytracerassignment\assignment\x64\debug\timestamp.obj
c:\repos\kdtreeraytracerassignment\assignment\x64\debug\timestampwindows.obj
c:\repos\kdtreeraytracerassignment\assignment\x64\debug\tinyxml2.obj
c:\repos\kdtreeraytracerassignment\assignment\x64\debug\toolsmain.obj
c:\repos\kdtreeraytracerassignment\assignment\x64\debug\toolsystemallocator.obj
c:\repos\kdtreeraytracerassignment\assignment\x64\debug\triangle.obj
c:\repos\kdtreeraytracerassignment\assignment\x64\debug\tweaker.obj
c:\repos\kdtreeraytracerassignment\assignment\x64\debug\tweakmanager.obj
c:\repos\kdtreeraytracerassignment\assignment\x64\debug\unicodeconverter.obj
c:\repos\kdtreeraytracerassignment\assignment\x64\debug\vec2.obj
c:\repos\kdtreeraytracerassignment\assignment\x64\debug\vec3.obj
c:\repos\kdtreeraytracerassignment\assignment\x64\debug\vec4.obj
c:\repos\kdtreeraytracerassignment\assignment\x64\debug\zoneprofiler.obj
c:\repos\kdtreeraytracerassignment\assignment\x64\debug\zoneprofilercallstackdump.obj
c:\repos\kdtreeraytracerassignment\assignment\x64\debug\zoneprofilercommon.obj
c:\repos\kdtreeraytracerassignment\assignment\x64\debug\zstdwrapper.obj
c:\repos\kdtreeraytracerassignment\assignment\x64\debug\zstdwrapper0.obj
c:\repos\kdtreeraytracerassignment\assignment\x64\debug\zstdwrapper1.obj
c:\repos\kdtreeraytracerassignment\assignment\x64\debug\zstdwrapper2.obj
c:\repos\kdtreeraytracerassignment\assignment\x64\debug\zstdwrapper3.obj
c:\repos\kdtreeraytracerassignment\assignment\x64\debug\assignment.pch
c:\repos\kdtreeraytracerassignment\assignment\x64\debug\vc141.idb
c:\repos\kdtreeraytracerassignment\assignment\x64\debug\vc141.pdb
c:\repos\kdtreeraytracerassignment\x64\debug\assignment.pdb
c:\repos\kdtreeraytracerassignment\x64\debug\assignment.exe
c:\repos\kdtreeraytracerassignment\x64\debug\assignment.ilk
c:\repos\kdtreeraytracerassignment\assignment\x64\debug\assignment.tlog\cl.command.1.tlog
c:\repos\kdtreeraytracerassignment\assignment\x64\debug\assignment.tlog\cl.read.1.tlog
c:\repos\kdtreeraytracerassignment\assignment\x64\debug\assignment.tlog\cl.write.1.tlog
c:\repos\kdtreeraytracerassignment\assignment\x64\debug\assignment.tlog\link.command.1.tlog
c:\repos\kdtreeraytracerassignment\assignment\x64\debug\assignment.tlog\link.read.1.tlog
c:\repos\kdtreeraytracerassignment\assignment\x64\debug\assignment.tlog\link.write.1.tlog
