c:\repos\kdtreeraytracerassignment\assignment\x64\release\assignment.pch
c:\repos\kdtreeraytracerassignment\assignment\x64\release\vc141.pdb
c:\repos\kdtreeraytracerassignment\assignment\x64\release\precompiled.obj
c:\repos\kdtreeraytracerassignment\assignment\x64\release\outputfile.obj
c:\repos\kdtreeraytracerassignment\assignment\x64\release\memorymappedfile.obj
c:\repos\kdtreeraytracerassignment\assignment\x64\release\logger.obj
c:\repos\kdtreeraytracerassignment\assignment\x64\release\focustestreportwriter.obj
c:\repos\kdtreeraytracerassignment\assignment\x64\release\linereader.obj
c:\repos\kdtreeraytracerassignment\assignment\x64\release\filerename.obj
c:\repos\kdtreeraytracerassignment\assignment\x64\release\filemanager.obj
c:\repos\kdtreeraytracerassignment\assignment\x64\release\filehash.obj
c:\repos\kdtreeraytracerassignment\assignment\x64\release\fileallocator.obj
c:\repos\kdtreeraytracerassignment\assignment\x64\release\file.obj
c:\repos\kdtreeraytracerassignment\assignment\x64\release\debugblockwriter.obj
c:\repos\kdtreeraytracerassignment\assignment\x64\release\createdirectory.obj
c:\repos\kdtreeraytracerassignment\assignment\x64\release\stringmapfind.obj
c:\repos\kdtreeraytracerassignment\assignment\x64\release\linearhashbase.obj
c:\repos\kdtreeraytracerassignment\assignment\x64\release\impbyteelementarray.obj
c:\repos\kdtreeraytracerassignment\assignment\x64\release\database.obj
c:\repos\kdtreeraytracerassignment\assignment\x64\release\containertest.obj
c:\repos\kdtreeraytracerassignment\assignment\x64\release\consoleoutputreceiver.obj
c:\repos\kdtreeraytracerassignment\assignment\x64\release\tga_saver.obj
c:\repos\kdtreeraytracerassignment\assignment\x64\release\ply_reader.obj
c:\repos\kdtreeraytracerassignment\assignment\x64\release\alignmentfunctions.obj
c:\repos\kdtreeraytracerassignment\assignment\x64\release\timestampwindows.obj
c:\repos\kdtreeraytracerassignment\assignment\x64\release\temporaryfile.obj
c:\repos\kdtreeraytracerassignment\assignment\x64\release\movefile.obj
c:\repos\kdtreeraytracerassignment\assignment\x64\release\inputfileasyncwindows.obj
c:\repos\kdtreeraytracerassignment\assignment\x64\release\inputfile.obj
c:\repos\kdtreeraytracerassignment\assignment\x64\release\filesystemlistener.obj
c:\repos\kdtreeraytracerassignment\assignment\x64\release\filelist.obj
c:\repos\kdtreeraytracerassignment\assignment\x64\release\doesfileexist.obj
c:\repos\kdtreeraytracerassignment\assignment\x64\release\deletefile.obj
c:\repos\kdtreeraytracerassignment\assignment\x64\release\deletedirectory.obj
c:\repos\kdtreeraytracerassignment\assignment\x64\release\createdirectorywindows.obj
c:\repos\kdtreeraytracerassignment\assignment\x64\release\copyfile.obj
c:\repos\kdtreeraytracerassignment\assignment\x64\release\tinyxml2.obj
c:\repos\kdtreeraytracerassignment\assignment\x64\release\timestamp.obj
c:\repos\kdtreeraytracerassignment\assignment\x64\release\specialdirectory.obj
c:\repos\kdtreeraytracerassignment\assignment\x64\release\rootpath.obj
c:\repos\kdtreeraytracerassignment\assignment\x64\release\mysteryfilepackage.obj
c:\repos\kdtreeraytracerassignment\assignment\x64\release\customizablestandardfilepackage.obj
c:\repos\kdtreeraytracerassignment\assignment\x64\release\cachingcustomizablestandardfilepackage.obj
c:\repos\kdtreeraytracerassignment\assignment\x64\release\megaton.obj
c:\repos\kdtreeraytracerassignment\assignment\x64\release\globallogger.obj
c:\repos\kdtreeraytracerassignment\assignment\x64\release\hash.obj
c:\repos\kdtreeraytracerassignment\assignment\x64\release\fiendishallocator.obj
c:\repos\kdtreeraytracerassignment\assignment\x64\release\fbsinglethreadassert.obj
c:\repos\kdtreeraytracerassignment\assignment\x64\release\fbassert.obj
c:\repos\kdtreeraytracerassignment\assignment\x64\release\div128.obj
c:\repos\kdtreeraytracerassignment\assignment\x64\release\delegate.obj
c:\repos\kdtreeraytracerassignment\assignment\x64\release\debughelp.obj
c:\repos\kdtreeraytracerassignment\assignment\x64\release\cstrlen.obj
c:\repos\kdtreeraytracerassignment\assignment\x64\release\countbits.obj
c:\repos\kdtreeraytracerassignment\assignment\x64\release\combinedallocation.obj
c:\repos\kdtreeraytracerassignment\assignment\x64\release\callstackstorage.obj
c:\repos\kdtreeraytracerassignment\assignment\x64\release\callstack.obj
c:\repos\kdtreeraytracerassignment\assignment\x64\release\bitmasktypes.obj
c:\repos\kdtreeraytracerassignment\assignment\x64\release\atomics.obj
c:\repos\kdtreeraytracerassignment\assignment\x64\release\assertstats.obj
c:\repos\kdtreeraytracerassignment\assignment\x64\release\asserthelp.obj
c:\repos\kdtreeraytracerassignment\assignment\x64\release\appendcallstack.obj
c:\repos\kdtreeraytracerassignment\assignment\x64\release\allocationdebugger.obj
c:\repos\kdtreeraytracerassignment\assignment\x64\release\mutexwindows.obj
c:\repos\kdtreeraytracerassignment\assignment\x64\release\conditionvariablewindows.obj
c:\repos\kdtreeraytracerassignment\assignment\x64\release\thread.obj
c:\repos\kdtreeraytracerassignment\assignment\x64\release\scopedref.obj
c:\repos\kdtreeraytracerassignment\assignment\x64\release\mutex.obj
c:\repos\kdtreeraytracerassignment\assignment\x64\release\ithreadentry.obj
c:\repos\kdtreeraytracerassignment\assignment\x64\release\fastsemaphore.obj
c:\repos\kdtreeraytracerassignment\assignment\x64\release\dataguard.obj
c:\repos\kdtreeraytracerassignment\assignment\x64\release\storedcallstack.obj
c:\repos\kdtreeraytracerassignment\assignment\x64\release\storecallstack.obj
c:\repos\kdtreeraytracerassignment\assignment\x64\release\stacktracewindows.obj
c:\repos\kdtreeraytracerassignment\assignment\x64\release\stacktrace.obj
c:\repos\kdtreeraytracerassignment\assignment\x64\release\signal.obj
c:\repos\kdtreeraytracerassignment\assignment\x64\release\sharedpointer.obj
c:\repos\kdtreeraytracerassignment\assignment\x64\release\projectinfo.obj
c:\repos\kdtreeraytracerassignment\assignment\x64\release\programmerassertprinting.obj
c:\repos\kdtreeraytracerassignment\assignment\x64\release\printfhandler.obj
c:\repos\kdtreeraytracerassignment\assignment\x64\release\memtools.obj
c:\repos\kdtreeraytracerassignment\assignment\x64\release\memoryfunctions.obj
c:\repos\kdtreeraytracerassignment\assignment\x64\release\megatondebugger.obj
c:\repos\kdtreeraytracerassignment\assignment\x64\release\vec3.obj
c:\repos\kdtreeraytracerassignment\assignment\x64\release\vec2.obj
c:\repos\kdtreeraytracerassignment\assignment\x64\release\simdvec4.obj
c:\repos\kdtreeraytracerassignment\assignment\x64\release\randomseed.obj
c:\repos\kdtreeraytracerassignment\assignment\x64\release\quaternion.obj
c:\repos\kdtreeraytracerassignment\assignment\x64\release\matrix.obj
c:\repos\kdtreeraytracerassignment\assignment\x64\release\denormal.obj
c:\repos\kdtreeraytracerassignment\assignment\x64\release\tcbcurve.obj
c:\repos\kdtreeraytracerassignment\assignment\x64\release\polylinecurve.obj
c:\repos\kdtreeraytracerassignment\assignment\x64\release\multicurve.obj
c:\repos\kdtreeraytracerassignment\assignment\x64\release\cubicbeziercurve.obj
c:\repos\kdtreeraytracerassignment\assignment\x64\release\beziercurve.obj
c:\repos\kdtreeraytracerassignment\assignment\x64\release\color3.obj
c:\repos\kdtreeraytracerassignment\assignment\x64\release\time.obj
c:\repos\kdtreeraytracerassignment\assignment\x64\release\systemtime.obj
c:\repos\kdtreeraytracerassignment\assignment\x64\release\scalabletimer.obj
c:\repos\kdtreeraytracerassignment\assignment\x64\release\runningsystemtimer.obj
c:\repos\kdtreeraytracerassignment\assignment\x64\release\highresolutiontime.obj
c:\repos\kdtreeraytracerassignment\assignment\x64\release\threadwindows.obj
c:\repos\kdtreeraytracerassignment\assignment\x64\release\semaphorewindows.obj
c:\repos\kdtreeraytracerassignment\assignment\x64\release\tempallocator.obj
c:\repos\kdtreeraytracerassignment\assignment\x64\release\systemallocator.obj
c:\repos\kdtreeraytracerassignment\assignment\x64\release\debugstatsvariable.obj
c:\repos\kdtreeraytracerassignment\assignment\x64\release\debugstatsscope.obj
c:\repos\kdtreeraytracerassignment\assignment\x64\release\debugstats.obj
c:\repos\kdtreeraytracerassignment\assignment\x64\release\multisizepool.obj
c:\repos\kdtreeraytracerassignment\assignment\x64\release\multifixedsizedynamicallocator.obj
c:\repos\kdtreeraytracerassignment\assignment\x64\release\multifixedsizeallocator.obj
c:\repos\kdtreeraytracerassignment\assignment\x64\release\largepageallocator.obj
c:\repos\kdtreeraytracerassignment\assignment\x64\release\heapallocator.obj
c:\repos\kdtreeraytracerassignment\assignment\x64\release\heapaddresscheck.obj
c:\repos\kdtreeraytracerassignment\assignment\x64\release\globalfixedallocator.obj
c:\repos\kdtreeraytracerassignment\assignment\x64\release\fixedsizelargedynamicallocator.obj
c:\repos\kdtreeraytracerassignment\assignment\x64\release\fixedsizedynamicallocator.obj
c:\repos\kdtreeraytracerassignment\assignment\x64\release\fixedsizeallocatorbase.obj
c:\repos\kdtreeraytracerassignment\assignment\x64\release\fixedsizeallocator.obj
c:\repos\kdtreeraytracerassignment\assignment\x64\release\blockallocator.obj
c:\repos\kdtreeraytracerassignment\assignment\x64\release\atomicpointerlist.obj
c:\repos\kdtreeraytracerassignment\assignment\x64\release\atomiclinearallocator.obj
c:\repos\kdtreeraytracerassignment\assignment\x64\release\vec4.obj
c:\repos\kdtreeraytracerassignment\assignment\x64\release\replacechar.obj
c:\repos\kdtreeraytracerassignment\assignment\x64\release\findstring.obj
c:\repos\kdtreeraytracerassignment\assignment\x64\release\filename.obj
c:\repos\kdtreeraytracerassignment\assignment\x64\release\comparestring.obj
c:\repos\kdtreeraytracerassignment\assignment\x64\release\appendtostring.obj
c:\repos\kdtreeraytracerassignment\assignment\x64\release\textoutputstream.obj
c:\repos\kdtreeraytracerassignment\assignment\x64\release\inputstream2.obj
c:\repos\kdtreeraytracerassignment\assignment\x64\release\inputstream.obj
c:\repos\kdtreeraytracerassignment\assignment\x64\release\zoneprofilercommon.obj
c:\repos\kdtreeraytracerassignment\assignment\x64\release\zoneprofilercallstackdump.obj
c:\repos\kdtreeraytracerassignment\assignment\x64\release\zoneprofiler.obj
c:\repos\kdtreeraytracerassignment\assignment\x64\release\taskprofiler.obj
c:\repos\kdtreeraytracerassignment\assignment\x64\release\stupidringbuffer.obj
c:\repos\kdtreeraytracerassignment\assignment\x64\release\stupidhashmap.obj
c:\repos\kdtreeraytracerassignment\assignment\x64\release\scopedprofiler.obj
c:\repos\kdtreeraytracerassignment\assignment\x64\release\profiler.obj
c:\repos\kdtreeraytracerassignment\assignment\x64\release\mutexprofiler.obj
c:\repos\kdtreeraytracerassignment\assignment\x64\release\inputlagdebugger.obj
c:\repos\kdtreeraytracerassignment\assignment\x64\release\allocationprofiler.obj
c:\repos\kdtreeraytracerassignment\assignment\x64\release\tempvariableallocator.obj
c:\repos\kdtreeraytracerassignment\assignment\x64\release\scheduler.obj
c:\repos\kdtreeraytracerassignment\assignment\x64\release\getsystemthreadpriority.obj
c:\repos\kdtreeraytracerassignment\assignment\x64\release\runprocess.obj
c:\repos\kdtreeraytracerassignment\assignment\x64\release\getprocessid.obj
c:\repos\kdtreeraytracerassignment\assignment\x64\release\findprocess.obj
c:\repos\kdtreeraytracerassignment\assignment\x64\release\svn.obj
c:\repos\kdtreeraytracerassignment\assignment\x64\release\systeminfoutil.obj
c:\repos\kdtreeraytracerassignment\assignment\x64\release\unicodeconverter.obj
c:\repos\kdtreeraytracerassignment\assignment\x64\release\splitstring.obj
c:\repos\kdtreeraytracerassignment\assignment\x64\release\simpleutf16string.obj
c:\repos\kdtreeraytracerassignment\assignment\x64\release\createtemporaryheapstring.obj
c:\repos\kdtreeraytracerassignment\assignment\x64\release\stringref.obj
c:\repos\kdtreeraytracerassignment\assignment\x64\release\stringliteral.obj
c:\repos\kdtreeraytracerassignment\assignment\x64\release\stringimp.obj
c:\repos\kdtreeraytracerassignment\assignment\x64\release\stringbuilder.obj
c:\repos\kdtreeraytracerassignment\assignment\x64\release\staticstring.obj
c:\repos\kdtreeraytracerassignment\assignment\x64\release\heapstring.obj
c:\repos\kdtreeraytracerassignment\assignment\x64\release\dynamicstring.obj
c:\repos\kdtreeraytracerassignment\assignment\x64\release\stringtonumberconversion.obj
c:\repos\kdtreeraytracerassignment\assignment\x64\release\replacesubstring.obj
c:\repos\kdtreeraytracerassignment\assignment\x64\release\config.obj
c:\repos\kdtreeraytracerassignment\assignment\x64\release\boundingbox.obj
c:\repos\kdtreeraytracerassignment\assignment\x64\release\zstdwrapper.obj
c:\repos\kdtreeraytracerassignment\assignment\x64\release\zstdwrapper3.obj
c:\repos\kdtreeraytracerassignment\assignment\x64\release\zstdwrapper2.obj
c:\repos\kdtreeraytracerassignment\assignment\x64\release\zstdwrapper1.obj
c:\repos\kdtreeraytracerassignment\assignment\x64\release\zstdwrapper0.obj
c:\repos\kdtreeraytracerassignment\assignment\x64\release\tweakmanager.obj
c:\repos\kdtreeraytracerassignment\assignment\x64\release\tweaker.obj
c:\repos\kdtreeraytracerassignment\assignment\x64\release\optionsfilemodifier.obj
c:\repos\kdtreeraytracerassignment\assignment\x64\release\lz4wrapper.obj
c:\repos\kdtreeraytracerassignment\assignment\x64\release\lz4hcwrapper.obj
c:\repos\kdtreeraytracerassignment\assignment\x64\release\fbspam.obj
c:\repos\kdtreeraytracerassignment\assignment\x64\release\expgolomb.obj
c:\repos\kdtreeraytracerassignment\assignment\x64\release\compressor.obj
c:\repos\kdtreeraytracerassignment\assignment\x64\release\checksum.obj
c:\repos\kdtreeraytracerassignment\assignment\x64\release\buffercompressor.obj
c:\repos\kdtreeraytracerassignment\assignment\x64\release\base64.obj
c:\repos\kdtreeraytracerassignment\assignment\x64\release\toolsystemallocator.obj
c:\repos\kdtreeraytracerassignment\assignment\x64\release\toolsmain.obj
c:\repos\kdtreeraytracerassignment\assignment\x64\release\triangle.obj
c:\repos\kdtreeraytracerassignment\assignment\x64\release\raytracer.obj
c:\repos\kdtreeraytracerassignment\assignment\x64\release\model.obj
c:\repos\kdtreeraytracerassignment\assignment\x64\release\main.obj
c:\repos\kdtreeraytracerassignment\assignment\x64\release\light.obj
c:\repos\kdtreeraytracerassignment\assignment\x64\release\kdnode.obj
c:\repos\kdtreeraytracerassignment\assignment\x64\release\image.obj
c:\repos\kdtreeraytracerassignment\assignment\x64\release\assignment.tlog\cl.command.1.tlog
c:\repos\kdtreeraytracerassignment\assignment\x64\release\assignment.tlog\cl.read.1.tlog
c:\repos\kdtreeraytracerassignment\assignment\x64\release\assignment.tlog\cl.write.1.tlog
